<?xml version="1.0" encoding="UTF-8"?><testsuite errors="0" failures="0" name="com.gorest.gorestinfo.UserCRUDTest" skipped="0" tests="4" time="8.02" timestamp="2023-06-05T12:02:30.568+01:00[Europe/London]"><testcase classname="com.gorest.gorestinfo.UserCRUDTest" name="This will create new user"/><testcase classname="com.gorest.gorestinfo.UserCRUDTest" name="Verify if the user was added to the application"/><testcase classname="com.gorest.gorestinfo.UserCRUDTest" name="Update the user information and verify the updated information"/><testcase classname="com.gorest.gorestinfo.UserCRUDTest" name="Delete the user and verify if the user is deleted"/></testsuite>